

> front@0.1.0 build
> react-scripts build

Creating an optimized production build...
[33mCompiled with warnings.[39m
[33m[39m
[eslint] 
src/Router.tsx
  [1mLine 114:6:[22m  React Hook useEffect has a missing dependency: 'handleCheckAuth'. Either include it or remove the dependency array  [33m[4mreact-hooks/exhaustive-deps[24m[39m

src/components/AddPartnerModal/AddPartnerModal.tsx
  [1mLine 8:10:[22m  'Label' is defined but never used  [33m[4m@typescript-eslint/no-unused-vars[24m[39m

src/components/FilterPopover/FilterPopover.tsx
  [1mLine 58:6:[22m  React Hook useEffect has a missing dependency: 'selectedFilterType'. Either include it or remove the dependency array. You can also replace multiple useState variables with useReducer if 'setSelectableFiltersToDisplay' needs the current value of 'selectedFilterType'  [33m[4mreact-hooks/exhaustive-deps[24m[39m

src/components/FiltersRow/FiltersRow.tsx
  [1mLine 10:35:[22m  'SwapVert' is defined but never used                                                                                                                                                                                                                                                                                                                                                  [33m[4m@typescript-eslint/no-unused-vars[24m[39m
  [1mLine 100:6:[22m  React Hook useEffect has missing dependencies: 'hasMatchingCity', 'hasMatchingStakes', 'projectNameMatchesSearch', and 'props'. Either include them or remove the dependency array. However, 'props' will change when *any* prop changes, so the preferred fix is to destructure the 'props' object outside of the useEffect call and refer to those specific props inside useEffect  [33m[4mreact-hooks/exhaustive-deps[24m[39m

src/components/GoogleMapsAPI/GoogleMapsAPI.tsx
  [1mLine 2:10:[22m   'createRoot' is defined but never used                                                                                                                                                                                                                                                                      [33m[4m@typescript-eslint/no-unused-vars[24m[39m
  [1mLine 5:3:[22m    'ControlPosition' is defined but never used                                                                                                                                                                                                                                                                 [33m[4m@typescript-eslint/no-unused-vars[24m[39m
  [1mLine 6:3:[22m    'MapControl' is defined but never used                                                                                                                                                                                                                                                                      [33m[4m@typescript-eslint/no-unused-vars[24m[39m
  [1mLine 12:3:[22m   'AdvancedMarkerRef' is defined but never used                                                                                                                                                                                                                                                               [33m[4m@typescript-eslint/no-unused-vars[24m[39m
  [1mLine 22:10:[22m  'selectedPlace' is assigned a value but never used                                                                                                                                                                                                                                                          [33m[4m@typescript-eslint/no-unused-vars[24m[39m
  [1mLine 94:6:[22m   React Hook useEffect has a missing dependency: 'props'. Either include it or remove the dependency array. However, 'props' will change when *any* prop changes, so the preferred fix is to destructure the 'props' object outside of the useEffect call and refer to those specific props inside useEffect  [33m[4mreact-hooks/exhaustive-deps[24m[39m

src/components/NavBar/NavBar.tsx
  [1mLine 9:21:[22m   'useEffect' is defined but never used     [33m[4m@typescript-eslint/no-unused-vars[24m[39m
  [1mLine 35:11:[22m  'res' is assigned a value but never used  [33m[4m@typescript-eslint/no-unused-vars[24m[39m

src/components/NeedToLoginModal/NeedToLoginModal.tsx
  [1mLine 4:3:[22m    'CardActions' is defined but never used                                                                    [33m[4m@typescript-eslint/no-unused-vars[24m[39m
  [1mLine 5:3:[22m    'CardContent' is defined but never used                                                                    [33m[4m@typescript-eslint/no-unused-vars[24m[39m
  [1mLine 6:3:[22m    'CardMedia' is defined but never used                                                                      [33m[4m@typescript-eslint/no-unused-vars[24m[39m
  [1mLine 9:3:[22m    'Typography' is defined but never used                                                                     [33m[4m@typescript-eslint/no-unused-vars[24m[39m
  [1mLine 57:15:[22m  img elements must have an alt prop, either with meaningful text, or an empty string for decorative images  [33m[4mjsx-a11y/alt-text[24m[39m

src/components/NoResultInfo/NoResultInfo.tsx
  [1mLine 6:7:[22m  img elements must have an alt prop, either with meaningful text, or an empty string for decorative images  [33m[4mjsx-a11y/alt-text[24m[39m

src/components/NoSelectedMessage/NoSelectedMessage.tsx
  [1mLine 16:9:[22m  img elements must have an alt prop, either with meaningful text, or an empty string for decorative images  [33m[4mjsx-a11y/alt-text[24m[39m

src/components/ProjectBox/ProjectBox.tsx
  [1mLine 4:3:[22m    'CardMedia' is defined but never used                 [33m[4m@typescript-eslint/no-unused-vars[24m[39m
  [1mLine 6:3:[22m    'Icon' is defined but never used                      [33m[4m@typescript-eslint/no-unused-vars[24m[39m
  [1mLine 12:3:[22m   'getFormattedDayMonthYear' is defined but never used  [33m[4m@typescript-eslint/no-unused-vars[24m[39m
  [1mLine 14:3:[22m   'handleGetTime' is defined but never used             [33m[4m@typescript-eslint/no-unused-vars[24m[39m
  [1mLine 16:16:[22m  'EditOff' is defined but never used                   [33m[4m@typescript-eslint/no-unused-vars[24m[39m

src/components/SideBar/SideBar.tsx
  [1mLine 3:17:[22m  'Menu' is defined but never used  [33m[4m@typescript-eslint/no-unused-vars[24m[39m

src/components/Skeletons/MessagePreviewBoxSkeleton/MessagePreviewBoxSkeleton.tsx
  [1mLine 2:8:[22m  'styles' is defined but never used  [33m[4m@typescript-eslint/no-unused-vars[24m[39m

src/components/StripeReturnPage/StripeReturnPage.tsx
  [1mLine 4:23:[22m   'useParams' is defined but never used                                                                              [33m[4m@typescript-eslint/no-unused-vars[24m[39m
  [1mLine 12:10:[22m  'customerEmail' is assigned a value but never used                                                                 [33m[4m@typescript-eslint/no-unused-vars[24m[39m
  [1mLine 14:24:[22m  'setSearchParams' is assigned a value but never used                                                               [33m[4m@typescript-eslint/no-unused-vars[24m[39m
  [1mLine 38:6:[22m   React Hook useEffect has a missing dependency: 'getStripeInfos'. Either include it or remove the dependency array  [33m[4mreact-hooks/exhaustive-deps[24m[39m

src/components/WelcomeMessage/WelcomeMessage.tsx
  [1mLine 8:9:[22m  'loggedUserState' is assigned a value but never used  [33m[4m@typescript-eslint/no-unused-vars[24m[39m

src/helpers/auth.helper.ts
  [1mLine 3:8:[22m  'Cookies' is defined but never used  [33m[4m@typescript-eslint/no-unused-vars[24m[39m

src/pages/Auth/Auth.tsx
  [1mLine 27:10:[22m  'error' is defined but never used  [33m[4m@typescript-eslint/no-unused-vars[24m[39m

src/pages/Messages/Messages.tsx
  [1mLine 8:3:[22m    'useMediaQuery' is defined but never used                                                                                      [33m[4m@typescript-eslint/no-unused-vars[24m[39m
  [1mLine 122:6:[22m  React Hook useEffect has a missing dependency: 'handleGetAllConversations'. Either include it or remove the dependency array   [33m[4mreact-hooks/exhaustive-deps[24m[39m
  [1mLine 130:6:[22m  React Hook useEffect has a missing dependency: 'checkIfUserHasAccessToConv'. Either include it or remove the dependency array  [33m[4mreact-hooks/exhaustive-deps[24m[39m

src/pages/MyProfile/MyProfile.tsx
  [1mLine 4:3:[22m  'InputLabel' is defined but never used  [33m[4m@typescript-eslint/no-unused-vars[24m[39m

src/pages/ProjectCreationOrEdition/ProjectCreationOrEdition.tsx
  [1mLine 5:3:[22m    'Fab' is defined but never used                                                                                                                   [33m[4m@typescript-eslint/no-unused-vars[24m[39m
  [1mLine 33:3:[22m   'ControlPosition' is defined but never used                                                                                                       [33m[4m@typescript-eslint/no-unused-vars[24m[39m
  [1mLine 34:3:[22m   'MapControl' is defined but never used                                                                                                            [33m[4m@typescript-eslint/no-unused-vars[24m[39m
  [1mLine 35:3:[22m   'AdvancedMarker' is defined but never used                                                                                                        [33m[4m@typescript-eslint/no-unused-vars[24m[39m
  [1mLine 36:3:[22m   'Map' is defined but never used                                                                                                                   [33m[4m@typescript-eslint/no-unused-vars[24m[39m
  [1mLine 37:3:[22m   'useMap' is defined but never used                                                                                                                [33m[4m@typescript-eslint/no-unused-vars[24m[39m
  [1mLine 38:3:[22m   'useMapsLibrary' is defined but never used                                                                                                        [33m[4m@typescript-eslint/no-unused-vars[24m[39m
  [1mLine 39:3:[22m   'useAdvancedMarkerRef' is defined but never used                                                                                                  [33m[4m@typescript-eslint/no-unused-vars[24m[39m
  [1mLine 40:3:[22m   'AdvancedMarkerRef' is defined but never used                                                                                                     [33m[4m@typescript-eslint/no-unused-vars[24m[39m
  [1mLine 43:3:[22m   'MapHandler' is defined but never used                                                                                                            [33m[4m@typescript-eslint/no-unused-vars[24m[39m
  [1mLine 209:6:[22m  React Hook useEffect has missing dependencies: 'handleFillInitialEditInput' and 'props.mode'. Either include them or remove the dependency array  [33m[4mreact-hooks/exhaustive-deps[24m[39m

src/pages/ProjectDetail/ProjectDetail.tsx
  [1mLine 25:10:[22m  'isLoading' is assigned a value but never used  [33m[4m@typescript-eslint/no-unused-vars[24m[39m

src/pages/ProjectsList/ProjectsList.tsx
  [1mLine 55:6:[22m  React Hook useEffect has a missing dependency: 'handleGetProjects'. Either include it or remove the dependency array  [33m[4mreact-hooks/exhaustive-deps[24m[39m

src/redux/sidebarSlice.ts
  [1mLine 3:10:[22m  'EntrepreneurialExperience' is defined but never used  [33m[4m@typescript-eslint/no-unused-vars[24m[39m

Search for the [4m[33mkeywords[39m[24m to learn more about each warning.
To ignore, add [36m// eslint-disable-next-line[39m to the line before.

File sizes after gzip:

  277.59 kB  [2mbuild/static/js/[22m[36mmain.388da50c.js[39m
  4.62 kB    [2mbuild/static/css/[22m[36mmain.3092ea36.css[39m

The project was built assuming it is hosted at [32m/[39m.
You can control this with the [32mhomepage[39m field in your [36mpackage.json[39m.

The [36mbuild[39m folder is ready to be deployed.
You may serve it with a static server:

  [36mnpm[39m install -g serve
  [36mserve[39m -s build

Find out more about deployment here:

  [33mhttps://cra.link/deployment[39m

